<?xml version="1.0" encoding="UTF-8"?>
<!-- Generated by org.testng.reporters.JUnitXMLReporter -->
<testsuite hostname="sys" name="Links on newtours app" tests="1" failures="1" timestamp="2 Jul 2015 01:55:27 GMT" time="769.324" errors="0">
  <testcase name="linksTest" time="769.282" classname="day26.Links">
    <failure type="org.openqa.selenium.ElementNotVisibleException" message="Element is not currently visible and so may not be interacted with
Command duration or timeout: 12 milliseconds
Build info: version: &amp;apos;2.44.0&amp;apos;, revision: &amp;apos;76d78cf&amp;apos;, time: &amp;apos;2014-10-23 20:02:37&amp;apos;
System info: host: &amp;apos;sys&amp;apos;, ip: &amp;apos;192.168.1.102&amp;apos;, os.name: &amp;apos;Windows 7&amp;apos;, os.arch: &amp;apos;amd64&amp;apos;, os.version: &amp;apos;6.1&amp;apos;, java.version: &amp;apos;1.7.0_55&amp;apos;
Session ID: ee6cf7fa-268b-43cc-9e02-838edd26acac
Driver info: org.openqa.selenium.firefox.FirefoxDriver
Capabilities [{platform=WINDOWS, acceptSslCerts=true, javascriptEnabled=true, cssSelectorsEnabled=true, databaseEnabled=true, browserName=firefox, handlesAlerts=true, nativeEvents=false, webStorageEnabled=true, rotatable=false, locationContextEnabled=true, applicationCacheEnabled=true, takesScreenshot=true, version=35.0.1}]">
      <![CDATA[org.openqa.selenium.ElementNotVisibleException: Element is not currently visible and so may not be interacted with
Command duration or timeout: 12 milliseconds
Build info: version: '2.44.0', revision: '76d78cf', time: '2014-10-23 20:02:37'
System info: host: 'sys', ip: '192.168.1.102', os.name: 'Windows 7', os.arch: 'amd64', os.version: '6.1', java.version: '1.7.0_55'
Session ID: ee6cf7fa-268b-43cc-9e02-838edd26acac
Driver info: org.openqa.selenium.firefox.FirefoxDriver
Capabilities [{platform=WINDOWS, acceptSslCerts=true, javascriptEnabled=true, cssSelectorsEnabled=true, databaseEnabled=true, browserName=firefox, handlesAlerts=true, nativeEvents=false, webStorageEnabled=true, rotatable=false, locationContextEnabled=true, applicationCacheEnabled=true, takesScreenshot=true, version=35.0.1}]
	at org.openqa.selenium.remote.ErrorHandler.createThrowable(ErrorHandler.java:204)
	at org.openqa.selenium.remote.ErrorHandler.throwIfResponseFailed(ErrorHandler.java:156)
	at org.openqa.selenium.remote.RemoteWebDriver.execute(RemoteWebDriver.java:599)
	at org.openqa.selenium.remote.RemoteWebElement.execute(RemoteWebElement.java:268)
	at org.openqa.selenium.remote.RemoteWebElement.click(RemoteWebElement.java:79)
	at day26.Links.linksTest(Links.java:24)
Caused by: org.openqa.selenium.ElementNotVisibleException: Element is not currently visible and so may not be interacted with
Build info: version: '2.44.0', revision: '76d78cf', time: '2014-10-23 20:02:37'
System info: host: 'sys', ip: '192.168.1.102', os.name: 'Windows 7', os.arch: 'amd64', os.version: '6.1', java.version: '1.7.0_55'
Driver info: driver.version: unknown
	at <anonymous class>.fxdriver.preconditions.visible(file:///C:/Users/sai/AppData/Local/Temp/anonymous8714473241564596113webdriver-profile/extensions/fxdriver@googlecode.com/components/command-processor.js:8959:12)
	at <anonymous class>.DelayedCommand.prototype.checkPreconditions_(file:///C:/Users/sai/AppData/Local/Temp/anonymous8714473241564596113webdriver-profile/extensions/fxdriver@googlecode.com/components/command-processor.js:11618:15)
	at <anonymous class>.DelayedCommand.prototype.executeInternal_/h(file:///C:/Users/sai/AppData/Local/Temp/anonymous8714473241564596113webdriver-profile/extensions/fxdriver@googlecode.com/components/command-processor.js:11635:11)
	at <anonymous class>.DelayedCommand.prototype.executeInternal_(file:///C:/Users/sai/AppData/Local/Temp/anonymous8714473241564596113webdriver-profile/extensions/fxdriver@googlecode.com/components/command-processor.js:11640:7)
	at <anonymous class>.DelayedCommand.prototype.execute/<(file:///C:/Users/sai/AppData/Local/Temp/anonymous8714473241564596113webdriver-profile/extensions/fxdriver@googlecode.com/components/command-processor.js:11582:5)
... Removed 28 stack frames]]>
    </failure>
  </testcase> <!-- linksTest -->
</testsuite> <!-- Links on newtours app -->
